9.4s 1 cuda:0
9.9s 2 2975 500
10.3s 3 /kaggle/input/cityscapes-image-pairs/cityscapes_data/train/1269.jpg
10.5s 4 (256, 512, 3)
10.5s 5 0 255 0 255
11.0s 6 (1000, 3)
11.0s 7 [[138 176 141]
11.0s 8 [118 125 129]
11.0s 9 [ 71  21 181]
11.0s 10 [225  10 112]
11.0s 11 [224 218  97]]
12.3s 12 2975
12.5s 13 torch.Size([3, 256, 256]) torch.Size([256, 256])
13.2s 14 2975 744
13.2s 15 torch.Size([4, 3, 256, 256]) torch.Size([4, 256, 256])
17.0s 16 torch.Size([4, 10, 256, 256])
189.4s 17 Epoch 1/30, Loss: 1.0134930610656738, DICE Score: -4.27198600769043, Mean Average Precision: 0.6520913901136888
337.7s 18 Epoch 2/30, Loss: 0.9117664098739624, DICE Score: -4.301535129547119, Mean Average Precision: 0.6814406261079075
486.9s 19 Epoch 3/30, Loss: 0.8191751837730408, DICE Score: -4.406458377838135, Mean Average Precision: 0.6950820351693058
637.5s 20 Epoch 4/30, Loss: 0.7572449445724487, DICE Score: -4.501906871795654, Mean Average Precision: 0.712199454476812
787.5s 21 Epoch 5/30, Loss: 0.7152444124221802, DICE Score: -4.512967586517334, Mean Average Precision: 0.7293512612911834
937.2s 22 Epoch 6/30, Loss: 0.6773126721382141, DICE Score: -4.536893844604492, Mean Average Precision: 0.739738904331147
1085.9s 23 Epoch 7/30, Loss: 0.6597492098808289, DICE Score: -4.552310466766357, Mean Average Precision: 0.7441079909151911
1235.3s 24 Epoch 8/30, Loss: 0.6342045068740845, DICE Score: -4.549741744995117, Mean Average Precision: 0.7537672873851756
1384.0s 25 Epoch 9/30, Loss: 0.6089538931846619, DICE Score: -4.549709320068359, Mean Average Precision: 0.7508722548961695
1532.7s 26 Epoch 10/30, Loss: 0.5810648798942566, DICE Score: -4.560230255126953, Mean Average Precision: 0.7561204313750727
1682.8s 27 Epoch 11/30, Loss: 0.5987129211425781, DICE Score: -4.552685260772705, Mean Average Precision: 0.7528458520518956
1831.9s 28 Epoch 12/30, Loss: 0.5538999438285828, DICE Score: -4.559747695922852, Mean Average Precision: 0.7666034986577331
1983.0s 29 Epoch 13/30, Loss: 0.5336802005767822, DICE Score: -4.556303024291992, Mean Average Precision: 0.7709260517333216
2131.1s 30 Epoch 14/30, Loss: 0.5113179087638855, DICE Score: -4.586889266967773, Mean Average Precision: 0.770770119799522
2279.9s 31 Epoch 15/30, Loss: 0.5008915662765503, DICE Score: -4.581892013549805, Mean Average Precision: 0.7757092256859933
2429.5s 32 Epoch 16/30, Loss: 0.4522424042224884, DICE Score: -4.595574855804443, Mean Average Precision: 0.7880211217376226
2578.2s 33 Epoch 17/30, Loss: 0.44396620988845825, DICE Score: -4.584266185760498, Mean Average Precision: 0.7917473071039335
2727.5s 34 Epoch 18/30, Loss: 0.43087634444236755, DICE Score: -4.601262092590332, Mean Average Precision: 0.7880322039190798
2877.8s 35 Epoch 19/30, Loss: 0.3921133577823639, DICE Score: -4.572662353515625, Mean Average Precision: 0.7958318530725224
3027.1s 36 Epoch 20/30, Loss: 0.3668961226940155, DICE Score: -4.593869686126709, Mean Average Precision: 0.7949759695853468
3176.6s 37 Epoch 21/30, Loss: 0.35986199975013733, DICE Score: -4.599305152893066, Mean Average Precision: 0.7909423104920277
3326.7s 38 Epoch 22/30, Loss: 0.34783050417900085, DICE Score: -4.624420166015625, Mean Average Precision: 0.7821901308032243
3475.4s 39 Epoch 23/30, Loss: 0.32082080841064453, DICE Score: -4.628927707672119, Mean Average Precision: 0.7839278824529395
3623.9s 40 Epoch 24/30, Loss: 0.30531391501426697, DICE Score: -4.646854877471924, Mean Average Precision: 0.797374508887016
3773.6s 41 Epoch 25/30, Loss: 0.29913604259490967, DICE Score: -4.633288860321045, Mean Average Precision: 0.8060307894765721
3922.9s 42 Epoch 26/30, Loss: 0.2875829339027405, DICE Score: -4.631735801696777, Mean Average Precision: 0.8032447605011324
4072.0s 43 Epoch 27/30, Loss: 0.2979801297187805, DICE Score: -4.633327484130859, Mean Average Precision: 0.7981012587930365
4220.5s 44 Epoch 28/30, Loss: 0.2739851176738739, DICE Score: -4.630856990814209, Mean Average Precision: 0.7965128351185865
4369.7s 45 Epoch 29/30, Loss: 0.28970977663993835, DICE Score: -4.645493984222412, Mean Average Precision: 0.7922548370866773
4519.3s 46 Epoch 30/30, Loss: 0.3043934404850006, DICE Score: -4.644899845123291, Mean Average Precision: 0.7854423388386125
4519.3s 47 
4521.3s 48 torch.Size([8, 10, 256, 256])
4521.3s 49 torch.Size([8, 256, 256])
4526.7s 50 [NbConvertApp] Converting notebook __notebook__.ipynb to notebook
4527.9s 51 [NbConvertApp] Writing 2399501 bytes to __notebook__.ipynb
4528.5s 52 [NbConvertApp] Converting notebook __notebook__.ipynb to html
4530.0s 53 [NbConvertApp] Support files will be in __results___files/
4530.0s 54 [NbConvertApp] Making directory __results___files
4530.0s 55 [NbConvertApp] Making directory __results___files
4530.0s 56 [NbConvertApp] Making directory __results___files
4530.0s 57 [NbConvertApp] Making directory __results___files
4530.0s 58 [NbConvertApp] Making directory __results___files
4530.0s 59 [NbConvertApp] Writing 776764 bytes to __results__.html